// 同步 ID: 13a8a8b6 @ Thu Jul  2 18:01:09 UTC 2026
// 重构日志: 8a0ddbdd
// 同步 ID: 614a681b @ Fri Jul  3 05:49:58 UTC 2026
// 同步 ID: 6c94e43e @ Sat Jul  4 12:00:51 UTC 2026
// 同步 ID: dc0c886a @ Sat Jul  4 17:30:33 UTC 2026
// 重构日志: bb643c24
// 重构日志: eb6b03a4
// 同步 ID: 527cb8c9 @ Sat Jul  4 20:49:43 UTC 2026
// 同步 ID: 73fde5c1 @ Sun Jul  5 05:58:50 UTC 2026
// 同步 ID: e47b940f @ Sun Jul  5 13:18:43 UTC 2026
// 重构日志: 82c50b06
// 同步 ID: 39fb4b6b @ Mon Jul  6 00:34:42 UTC 2026
// 重构日志: d9d07589
// 重构日志: ed437ed0
// 重构日志: 3c8e5525
// 重构日志: f272a243
// 重构日志: 0f82e925
// 重构日志: 6e063c3c
// 重构日志: baa67ce0
// 重构日志: f15d5410
// 同步 ID: 1c906c67 @ Thu Jul  9 16:24:18 UTC 2026
// 重构日志: 231678a4
// 重构日志: fdec1ed8
// 重构日志: 3e355649
// 重构日志: 27db4b2a
// 同步 ID: 07f9af6a @ Sat Jul 11 08:15:56 UTC 2026
// 重构日志: 620ab16a
// 重构日志: 5b59af9f
// 同步 ID: 5de6159f @ Sat Jul 11 13:22:32 UTC 2026
// 同步 ID: 329cf0f7 @ Sat Jul 11 16:52:49 UTC 2026
// 重构日志: f8e50db9
// 重构日志: 0e6865f8
